[debug] [2022-04-30T05:02:00.205Z] ----------------------------------------------------------------------
[debug] [2022-04-30T05:02:00.209Z] Command:       C:\Program Files\nodejs\node.exe C:\Users\User\AppData\Roaming\npm\node_modules\firebase-tools\lib\bin\firebase.js deploy
[debug] [2022-04-30T05:02:00.210Z] CLI Version:   10.7.1
[debug] [2022-04-30T05:02:00.210Z] Platform:      win32
[debug] [2022-04-30T05:02:00.210Z] Node Version:  v16.14.2
[debug] [2022-04-30T05:02:00.212Z] Time:          Sat Apr 30 2022 10:32:00 GMT+0530 (India Standard Time)
[debug] [2022-04-30T05:02:00.212Z] ----------------------------------------------------------------------
[debug] 
[debug] [2022-04-30T05:02:00.321Z] > command requires scopes: ["email","openid","https://www.googleapis.com/auth/cloudplatformprojects.readonly","https://www.googleapis.com/auth/firebase","https://www.googleapis.com/auth/cloud-platform"]
[debug] [2022-04-30T05:02:00.322Z] > authorizing via signed-in user (abu3abu6@gmail.com)
[debug] [2022-04-30T05:02:00.322Z] [iam] checking project letscoder2-0 for permissions ["firebase.projects.get","firebasehosting.sites.update"]
[debug] [2022-04-30T05:02:00.324Z] >>> [apiv2][query] POST https://cloudresourcemanager.googleapis.com/v1/projects/letscoder2-0:testIamPermissions [none]
[debug] [2022-04-30T05:02:00.325Z] >>> [apiv2][body] POST https://cloudresourcemanager.googleapis.com/v1/projects/letscoder2-0:testIamPermissions {"permissions":["firebase.projects.get","firebasehosting.sites.update"]}
[debug] [2022-04-30T05:02:21.636Z] [iam] error while checking permissions, command may fail: FirebaseError: Failed to make request to https://cloudresourcemanager.googleapis.com/v1/projects/letscoder2-0:testIamPermissions
[debug] [2022-04-30T05:02:21.639Z] >>> [apiv2][query] GET https://firebase.googleapis.com/v1beta1/projects/letscoder2-0 [none]
[debug] [2022-04-30T05:02:32.923Z] Failed to make request to https://firebase.googleapis.com/v1beta1/projects/letscoder2-0
[debug] [2022-04-30T05:02:32.926Z] FirebaseError: Failed to make request to https://firebase.googleapis.com/v1beta1/projects/letscoder2-0
    at RetryOperation._fn (C:\Users\User\AppData\Roaming\npm\node_modules\firebase-tools\lib\apiv2.js:240:31)
    at processTicksAndRejections (node:internal/process/task_queues:96:5)
[error] 
[error] Error: Failed to get Firebase project letscoder2-0. Please make sure the project exists and your account has permission to access it.
